<?xml version="1.0" encoding="UTF-8"?>
<!-- Generated by org.testng.reporters.JUnitXMLReporter -->
<testsuite ignored="0" hostname="NAMMISRA-LAP" failures="1" tests="3" name="Test" time="6.233" errors="0" timestamp="2022-02-04T13:11:13 IST">
  <testcase classname="testclasses.TestUsingListeners" name="TestOne" time="0.007"/>
  <testcase classname="testclasses.TestUsingListeners" name="TestThree" time="0.001">
    <skipped/>
  </testcase> <!-- TestThree -->
  <testcase classname="testclasses.TestUsingListeners" name="TestTwo" time="0.003">
    <failure type="java.lang.AssertionError" message="null">
      <![CDATA[java.lang.AssertionError: null
at testclasses.TestUsingListeners.TestTwo(TestUsingListeners.java:46)
at java.base/java.util.ArrayList.forEach(ArrayList.java:1511)
... Removed 29 stack frames]]>
    </failure>
  </testcase> <!-- TestTwo -->
</testsuite> <!-- Test -->
